
> getnew@0.0.0 build
> tsc -b && vite build

src/components/ui/FlickeringText.tsx(1,8): error TS6133: 'React' is declared but its value is never read.
src/components/ui/FlickeringText.tsx(1,36): error TS6133: 'useState' is declared but its value is never read.
